{"C:\\Applic\\Server\\DBNode-4.0.0-beta-3\\htdocs\\__Projects\\xassist\\submodules\\xassist-date\\dist\\xassist-date.js":{"path":"C:\\Applic\\Server\\DBNode-4.0.0-beta-3\\htdocs\\__Projects\\xassist\\submodules\\xassist-date\\dist\\xassist-date.js","s":{"1":1,"2":1,"3":1,"4":1,"5":4,"6":4,"7":28,"8":32,"9":4,"10":1,"11":4,"12":1,"13":4,"14":4,"15":4,"16":4,"17":4,"18":4,"19":4,"20":4,"21":4,"22":1,"23":1,"24":4,"25":4,"26":4,"27":0,"28":0,"29":0,"30":0,"31":4,"32":0,"33":0,"34":0,"35":1,"36":8,"37":8,"38":8,"39":8,"40":8,"41":1,"42":8,"43":8,"44":56,"45":56,"46":16,"47":40,"48":40,"49":40,"50":8,"51":8,"52":1,"53":0,"54":0,"55":0,"56":0,"57":0,"58":0,"59":1,"60":38,"61":38,"62":38,"63":38,"64":0,"65":1,"66":4,"67":4,"68":4,"69":4,"70":1,"71":129,"72":129,"73":125,"74":4,"75":428,"76":428,"77":428,"78":117,"79":117,"80":311,"81":24,"82":24,"83":11,"84":13,"85":0,"86":1,"87":23,"88":23,"89":10,"90":23,"91":23,"92":23,"93":23,"94":23,"95":23,"96":23,"97":23,"98":1,"99":20,"100":20,"101":8,"102":20,"103":20,"104":20,"105":20,"106":20,"107":20,"108":20,"109":1,"110":409,"111":1,"112":218,"113":1,"114":256,"115":256,"116":255,"117":255,"118":255,"119":255,"120":255,"121":255,"122":255,"123":255,"124":255,"125":255,"126":510,"127":255,"128":255,"129":255,"130":1020,"131":255,"132":24,"133":231,"134":231,"135":231,"136":231,"137":231,"138":231,"139":377,"140":377,"141":377,"142":377,"143":231,"144":1,"145":1,"146":199,"147":199,"148":187,"149":44,"150":143,"151":143,"152":0,"153":187,"154":12,"155":1,"156":218,"157":218,"158":218,"159":1,"160":1,"161":24,"162":1,"163":1,"164":1,"165":1,"166":1,"167":5,"168":1,"169":1,"170":9,"171":1,"172":1,"173":6,"174":6,"175":6,"176":6,"177":6,"178":6,"179":1,"180":4,"181":4,"182":4,"183":4,"184":4,"185":4,"186":4,"187":4,"188":4,"189":0,"190":1,"191":4,"192":4,"193":4,"194":2,"195":2,"196":4,"197":4,"198":4,"199":4,"200":2,"201":2,"202":4,"203":4,"204":2,"205":2,"206":2,"207":4,"208":1,"209":58,"210":58,"211":1,"212":57,"213":57,"214":57,"215":57,"216":57,"217":7,"218":57,"219":1,"220":32,"221":32,"222":1,"223":31,"224":31,"225":31,"226":3,"227":31,"228":1,"229":20,"230":1,"231":19,"232":19,"233":1,"234":20,"235":1,"236":19,"237":19,"238":1,"239":20,"240":1,"241":19,"242":19,"243":1,"244":20,"245":1,"246":19,"247":19,"248":1,"249":20,"250":1,"251":19,"252":19,"253":1,"254":1},"b":{"1":[1,0],"2":[1,1],"3":[0,0],"4":[0,0],"5":[0,0],"6":[32,4],"7":[4,0],"8":[4,0],"9":[0,0],"10":[0,0],"11":[0,4],"12":[0,0],"13":[0,0],"14":[16,40],"15":[0,0],"16":[0,0],"17":[38,0],"18":[4,34],"19":[2,127],"20":[125,4],"21":[129,4],"22":[125,77,24],"23":[1,427],"24":[117,311],"25":[1,116],"26":[61,55],"27":[24,0],"28":[11,13],"29":[10,13],"30":[23,10,10],"31":[10,13],"32":[13,2],"33":[23,0],"34":[10,13],"35":[13,8],"36":[10,13],"37":[4,9],"38":[20,3],"39":[8,15],"40":[1,22],"41":[8,12],"42":[20,8,8],"43":[8,12],"44":[12,2],"45":[20,0],"46":[8,12],"47":[8,12],"48":[4,8],"49":[17,3],"50":[3,17],"51":[255,1],"52":[255,158],"53":[255,158],"54":[97,158],"55":[2,253],"56":[303,207],"57":[16,287],"58":[1020,781,409],"59":[24,231],"60":[187,12],"61":[44,143],"62":[0,143],"63":[4,1],"64":[8,1],"65":[0,4],"66":[2,2],"67":[4,0],"68":[2,2],"69":[2,2],"70":[1,57],"71":[7,50],"72":[1,31],"73":[3,28],"74":[1,19],"75":[1,19],"76":[1,19],"77":[1,19],"78":[1,19]},"f":{"1":1,"2":1,"3":4,"4":4,"5":4,"6":4,"7":0,"8":8,"9":8,"10":8,"11":8,"12":8,"13":8,"14":0,"15":38,"16":4,"17":129,"18":428,"19":24,"20":23,"21":20,"22":409,"23":218,"24":256,"25":510,"26":1020,"27":377,"28":199,"29":218,"30":24,"31":5,"32":9,"33":6,"34":4,"35":4,"36":58,"37":32,"38":20,"39":20,"40":20,"41":20,"42":20},"fnMap":{"1":{"name":"(anonymous_1)","line":7,"loc":{"start":{"line":7,"column":1},"end":{"line":7,"column":28}}},"2":{"name":"(anonymous_2)","line":11,"loc":{"start":{"line":11,"column":9},"end":{"line":11,"column":42}}},"3":{"name":"_parseDurationString","line":41,"loc":{"start":{"line":41,"column":1},"end":{"line":41,"column":40}}},"4":{"name":"(anonymous_4)","line":63,"loc":{"start":{"line":63,"column":14},"end":{"line":63,"column":24}}},"5":{"name":"XaDuration","line":67,"loc":{"start":{"line":67,"column":1},"end":{"line":67,"column":31}}},"6":{"name":"(anonymous_6)","line":82,"loc":{"start":{"line":82,"column":27},"end":{"line":82,"column":38}}},"7":{"name":"(anonymous_7)","line":98,"loc":{"start":{"line":98,"column":13},"end":{"line":98,"column":28}}},"8":{"name":"(anonymous_8)","line":121,"loc":{"start":{"line":121,"column":8},"end":{"line":121,"column":19}}},"9":{"name":"(anonymous_9)","line":131,"loc":{"start":{"line":131,"column":8},"end":{"line":131,"column":19}}},"10":{"name":"(anonymous_10)","line":135,"loc":{"start":{"line":135,"column":8},"end":{"line":135,"column":19}}},"11":{"name":"(anonymous_11)","line":139,"loc":{"start":{"line":139,"column":8},"end":{"line":139,"column":19}}},"12":{"name":"(anonymous_12)","line":143,"loc":{"start":{"line":143,"column":8},"end":{"line":143,"column":19}}},"13":{"name":"(anonymous_13)","line":148,"loc":{"start":{"line":148,"column":32},"end":{"line":148,"column":42}}},"14":{"name":"(anonymous_14)","line":165,"loc":{"start":{"line":165,"column":34},"end":{"line":165,"column":47}}},"15":{"name":"(anonymous_15)","line":175,"loc":{"start":{"line":175,"column":43},"end":{"line":175,"column":63}}},"16":{"name":"(anonymous_16)","line":187,"loc":{"start":{"line":187,"column":37},"end":{"line":187,"column":59}}},"17":{"name":"(anonymous_17)","line":209,"loc":{"start":{"line":209,"column":12},"end":{"line":210,"column":2}}},"18":{"name":"(anonymous_18)","line":220,"loc":{"start":{"line":220,"column":19},"end":{"line":220,"column":39}}},"19":{"name":"(anonymous_19)","line":231,"loc":{"start":{"line":231,"column":15},"end":{"line":231,"column":28}}},"20":{"name":"(anonymous_20)","line":316,"loc":{"start":{"line":316,"column":18},"end":{"line":316,"column":73}}},"21":{"name":"(anonymous_21)","line":332,"loc":{"start":{"line":332,"column":15},"end":{"line":332,"column":52}}},"22":{"name":"(anonymous_22)","line":345,"loc":{"start":{"line":345,"column":21},"end":{"line":345,"column":45}}},"23":{"name":"(anonymous_23)","line":349,"loc":{"start":{"line":349,"column":10},"end":{"line":349,"column":21}}},"24":{"name":"(anonymous_24)","line":354,"loc":{"start":{"line":354,"column":24},"end":{"line":354,"column":39}}},"25":{"name":"(anonymous_25)","line":374,"loc":{"start":{"line":374,"column":21},"end":{"line":374,"column":32}}},"26":{"name":"(anonymous_26)","line":384,"loc":{"start":{"line":384,"column":13},"end":{"line":384,"column":24}}},"27":{"name":"(anonymous_27)","line":394,"loc":{"start":{"line":394,"column":29},"end":{"line":394,"column":40}}},"28":{"name":"(anonymous_28)","line":409,"loc":{"start":{"line":409,"column":21},"end":{"line":409,"column":43}}},"29":{"name":"XaDate","line":432,"loc":{"start":{"line":432,"column":1},"end":{"line":432,"column":29}}},"30":{"name":"(anonymous_30)","line":440,"loc":{"start":{"line":440,"column":28},"end":{"line":440,"column":40}}},"31":{"name":"(anonymous_31)","line":450,"loc":{"start":{"line":450,"column":30},"end":{"line":450,"column":40}}},"32":{"name":"(anonymous_32)","line":454,"loc":{"start":{"line":454,"column":31},"end":{"line":454,"column":41}}},"33":{"name":"(anonymous_33)","line":458,"loc":{"start":{"line":458,"column":28},"end":{"line":458,"column":41}}},"34":{"name":"(anonymous_34)","line":466,"loc":{"start":{"line":466,"column":26},"end":{"line":466,"column":39}}},"35":{"name":"(anonymous_35)","line":484,"loc":{"start":{"line":484,"column":22},"end":{"line":484,"column":48}}},"36":{"name":"(anonymous_36)","line":509,"loc":{"start":{"line":509,"column":28},"end":{"line":509,"column":39}}},"37":{"name":"(anonymous_37)","line":524,"loc":{"start":{"line":524,"column":27},"end":{"line":524,"column":38}}},"38":{"name":"(anonymous_38)","line":539,"loc":{"start":{"line":539,"column":26},"end":{"line":539,"column":37}}},"39":{"name":"(anonymous_39)","line":547,"loc":{"start":{"line":547,"column":27},"end":{"line":547,"column":38}}},"40":{"name":"(anonymous_40)","line":555,"loc":{"start":{"line":555,"column":29},"end":{"line":555,"column":40}}},"41":{"name":"(anonymous_41)","line":563,"loc":{"start":{"line":563,"column":29},"end":{"line":563,"column":40}}},"42":{"name":"(anonymous_42)","line":571,"loc":{"start":{"line":571,"column":34},"end":{"line":571,"column":45}}}},"statementMap":{"1":{"start":{"line":7,"column":0},"end":{"line":584,"column":5}},"2":{"start":{"line":8,"column":1},"end":{"line":10,"column":52}},"3":{"start":{"line":15,"column":1},"end":{"line":23,"column":4}},"4":{"start":{"line":41,"column":1},"end":{"line":62,"column":2}},"5":{"start":{"line":42,"column":2},"end":{"line":42,"column":16}},"6":{"start":{"line":46,"column":2},"end":{"line":60,"column":3}},"7":{"start":{"line":49,"column":3},"end":{"line":52,"column":4}},"8":{"start":{"line":51,"column":4},"end":{"line":51,"column":80}},"9":{"start":{"line":61,"column":2},"end":{"line":61,"column":11}},"10":{"start":{"line":63,"column":1},"end":{"line":66,"column":3}},"11":{"start":{"line":65,"column":2},"end":{"line":65,"column":50}},"12":{"start":{"line":67,"column":1},"end":{"line":80,"column":2}},"13":{"start":{"line":69,"column":2},"end":{"line":69,"column":14}},"14":{"start":{"line":70,"column":2},"end":{"line":70,"column":15}},"15":{"start":{"line":71,"column":2},"end":{"line":71,"column":13}},"16":{"start":{"line":72,"column":2},"end":{"line":72,"column":14}},"17":{"start":{"line":73,"column":2},"end":{"line":73,"column":16}},"18":{"start":{"line":74,"column":2},"end":{"line":74,"column":16}},"19":{"start":{"line":75,"column":2},"end":{"line":75,"column":21}},"20":{"start":{"line":76,"column":2},"end":{"line":76,"column":24}},"21":{"start":{"line":78,"column":2},"end":{"line":78,"column":23}},"22":{"start":{"line":81,"column":1},"end":{"line":81,"column":102}},"23":{"start":{"line":82,"column":1},"end":{"line":106,"column":3}},"24":{"start":{"line":84,"column":2},"end":{"line":96,"column":3}},"25":{"start":{"line":85,"column":3},"end":{"line":95,"column":4}},"26":{"start":{"line":86,"column":4},"end":{"line":86,"column":36}},"27":{"start":{"line":88,"column":8},"end":{"line":95,"column":4}},"28":{"start":{"line":90,"column":4},"end":{"line":90,"column":27}},"29":{"start":{"line":92,"column":8},"end":{"line":95,"column":4}},"30":{"start":{"line":94,"column":4},"end":{"line":94,"column":49}},"31":{"start":{"line":97,"column":2},"end":{"line":104,"column":3}},"32":{"start":{"line":98,"column":3},"end":{"line":103,"column":11}},"33":{"start":{"line":100,"column":4},"end":{"line":102,"column":5}},"34":{"start":{"line":101,"column":5},"end":{"line":101,"column":34}},"35":{"start":{"line":119,"column":1},"end":{"line":146,"column":3}},"36":{"start":{"line":121,"column":20},"end":{"line":121,"column":31}},"37":{"start":{"line":131,"column":20},"end":{"line":131,"column":31}},"38":{"start":{"line":135,"column":20},"end":{"line":135,"column":31}},"39":{"start":{"line":139,"column":20},"end":{"line":139,"column":31}},"40":{"start":{"line":143,"column":20},"end":{"line":143,"column":33}},"41":{"start":{"line":148,"column":1},"end":{"line":164,"column":3}},"42":{"start":{"line":149,"column":2},"end":{"line":149,"column":14}},"43":{"start":{"line":150,"column":2},"end":{"line":161,"column":3}},"44":{"start":{"line":151,"column":3},"end":{"line":151,"column":25}},"45":{"start":{"line":152,"column":3},"end":{"line":154,"column":4}},"46":{"start":{"line":153,"column":4},"end":{"line":153,"column":13}},"47":{"start":{"line":156,"column":3},"end":{"line":156,"column":26}},"48":{"start":{"line":158,"column":3},"end":{"line":158,"column":27}},"49":{"start":{"line":159,"column":3},"end":{"line":159,"column":67}},"50":{"start":{"line":162,"column":2},"end":{"line":162,"column":46}},"51":{"start":{"line":163,"column":2},"end":{"line":163,"column":14}},"52":{"start":{"line":165,"column":1},"end":{"line":174,"column":3}},"53":{"start":{"line":166,"column":2},"end":{"line":166,"column":16}},"54":{"start":{"line":167,"column":2},"end":{"line":172,"column":3}},"55":{"start":{"line":168,"column":3},"end":{"line":168,"column":25}},"56":{"start":{"line":169,"column":3},"end":{"line":171,"column":4}},"57":{"start":{"line":170,"column":4},"end":{"line":170,"column":24}},"58":{"start":{"line":173,"column":2},"end":{"line":173,"column":14}},"59":{"start":{"line":175,"column":1},"end":{"line":186,"column":3}},"60":{"start":{"line":177,"column":2},"end":{"line":185,"column":3}},"61":{"start":{"line":178,"column":3},"end":{"line":178,"column":52}},"62":{"start":{"line":179,"column":3},"end":{"line":179,"column":21}},"63":{"start":{"line":180,"column":3},"end":{"line":180,"column":16}},"64":{"start":{"line":183,"column":3},"end":{"line":183,"column":12}},"65":{"start":{"line":187,"column":1},"end":{"line":193,"column":3}},"66":{"start":{"line":188,"column":2},"end":{"line":188,"column":30}},"67":{"start":{"line":190,"column":2},"end":{"line":190,"column":28}},"68":{"start":{"line":191,"column":2},"end":{"line":191,"column":29}},"69":{"start":{"line":192,"column":2},"end":{"line":192,"column":26}},"70":{"start":{"line":195,"column":1},"end":{"line":246,"column":190}},"71":{"start":{"line":214,"column":3},"end":{"line":214,"column":68}},"72":{"start":{"line":215,"column":3},"end":{"line":217,"column":4}},"73":{"start":{"line":216,"column":4},"end":{"line":216,"column":71}},"74":{"start":{"line":218,"column":3},"end":{"line":218,"column":20}},"75":{"start":{"line":221,"column":3},"end":{"line":221,"column":12}},"76":{"start":{"line":222,"column":3},"end":{"line":222,"column":70}},"77":{"start":{"line":223,"column":3},"end":{"line":229,"column":4}},"78":{"start":{"line":224,"column":4},"end":{"line":224,"column":25}},"79":{"start":{"line":225,"column":4},"end":{"line":225,"column":56}},"80":{"start":{"line":228,"column":4},"end":{"line":228,"column":57}},"81":{"start":{"line":232,"column":3},"end":{"line":244,"column":4}},"82":{"start":{"line":234,"column":4},"end":{"line":240,"column":5}},"83":{"start":{"line":236,"column":5},"end":{"line":236,"column":18}},"84":{"start":{"line":239,"column":5},"end":{"line":239,"column":17}},"85":{"start":{"line":243,"column":4},"end":{"line":243,"column":17}},"86":{"start":{"line":316,"column":1},"end":{"line":331,"column":3}},"87":{"start":{"line":317,"column":2},"end":{"line":317,"column":24}},"88":{"start":{"line":319,"column":2},"end":{"line":321,"column":3}},"89":{"start":{"line":320,"column":3},"end":{"line":320,"column":15}},"90":{"start":{"line":322,"column":2},"end":{"line":322,"column":52}},"91":{"start":{"line":323,"column":2},"end":{"line":323,"column":78}},"92":{"start":{"line":324,"column":2},"end":{"line":324,"column":51}},"93":{"start":{"line":325,"column":2},"end":{"line":325,"column":88}},"94":{"start":{"line":327,"column":2},"end":{"line":327,"column":64}},"95":{"start":{"line":328,"column":2},"end":{"line":328,"column":77}},"96":{"start":{"line":329,"column":2},"end":{"line":329,"column":32}},"97":{"start":{"line":330,"column":2},"end":{"line":330,"column":37}},"98":{"start":{"line":332,"column":1},"end":{"line":344,"column":3}},"99":{"start":{"line":333,"column":2},"end":{"line":333,"column":24}},"100":{"start":{"line":334,"column":2},"end":{"line":336,"column":3}},"101":{"start":{"line":335,"column":3},"end":{"line":335,"column":15}},"102":{"start":{"line":337,"column":2},"end":{"line":337,"column":54}},"103":{"start":{"line":338,"column":2},"end":{"line":338,"column":79}},"104":{"start":{"line":339,"column":2},"end":{"line":339,"column":79}},"105":{"start":{"line":340,"column":2},"end":{"line":340,"column":88}},"106":{"start":{"line":341,"column":2},"end":{"line":341,"column":47}},"107":{"start":{"line":342,"column":2},"end":{"line":342,"column":31}},"108":{"start":{"line":343,"column":2},"end":{"line":343,"column":38}},"109":{"start":{"line":345,"column":1},"end":{"line":347,"column":3}},"110":{"start":{"line":346,"column":2},"end":{"line":346,"column":43}},"111":{"start":{"line":349,"column":1},"end":{"line":352,"column":3}},"112":{"start":{"line":350,"column":2},"end":{"line":350,"column":46}},"113":{"start":{"line":354,"column":1},"end":{"line":408,"column":4}},"114":{"start":{"line":355,"column":3},"end":{"line":360,"column":46}},"115":{"start":{"line":361,"column":3},"end":{"line":406,"column":4}},"116":{"start":{"line":362,"column":4},"end":{"line":362,"column":29}},"117":{"start":{"line":364,"column":4},"end":{"line":364,"column":29}},"118":{"start":{"line":365,"column":4},"end":{"line":365,"column":29}},"119":{"start":{"line":368,"column":4},"end":{"line":368,"column":43}},"120":{"start":{"line":369,"column":4},"end":{"line":369,"column":45}},"121":{"start":{"line":370,"column":4},"end":{"line":370,"column":58}},"122":{"start":{"line":371,"column":4},"end":{"line":371,"column":63}},"123":{"start":{"line":372,"column":4},"end":{"line":372,"column":23}},"124":{"start":{"line":373,"column":4},"end":{"line":373,"column":34}},"125":{"start":{"line":374,"column":4},"end":{"line":376,"column":6}},"126":{"start":{"line":375,"column":5},"end":{"line":375,"column":42}},"127":{"start":{"line":377,"column":4},"end":{"line":377,"column":28}},"128":{"start":{"line":378,"column":4},"end":{"line":378,"column":28}},"129":{"start":{"line":379,"column":4},"end":{"line":384,"column":97}},"130":{"start":{"line":384,"column":25},"end":{"line":384,"column":94}},"131":{"start":{"line":385,"column":4},"end":{"line":401,"column":5}},"132":{"start":{"line":386,"column":5},"end":{"line":386,"column":18}},"133":{"start":{"line":389,"column":5},"end":{"line":389,"column":20}},"134":{"start":{"line":390,"column":5},"end":{"line":390,"column":22}},"135":{"start":{"line":391,"column":5},"end":{"line":391,"column":21}},"136":{"start":{"line":392,"column":5},"end":{"line":392,"column":34}},"137":{"start":{"line":393,"column":5},"end":{"line":393,"column":23}},"138":{"start":{"line":394,"column":5},"end":{"line":399,"column":8}},"139":{"start":{"line":395,"column":6},"end":{"line":395,"column":30}},"140":{"start":{"line":396,"column":6},"end":{"line":396,"column":34}},"141":{"start":{"line":397,"column":6},"end":{"line":397,"column":32}},"142":{"start":{"line":398,"column":6},"end":{"line":398,"column":36}},"143":{"start":{"line":400,"column":5},"end":{"line":400,"column":20}},"144":{"start":{"line":405,"column":4},"end":{"line":405,"column":17}},"145":{"start":{"line":409,"column":1},"end":{"line":431,"column":4}},"146":{"start":{"line":410,"column":3},"end":{"line":410,"column":43}},"147":{"start":{"line":411,"column":3},"end":{"line":430,"column":4}},"148":{"start":{"line":414,"column":5},"end":{"line":423,"column":6}},"149":{"start":{"line":415,"column":6},"end":{"line":415,"column":15}},"150":{"start":{"line":419,"column":6},"end":{"line":419,"column":58}},"151":{"start":{"line":420,"column":6},"end":{"line":422,"column":7}},"152":{"start":{"line":421,"column":7},"end":{"line":421,"column":20}},"153":{"start":{"line":426,"column":4},"end":{"line":426,"column":149}},"154":{"start":{"line":429,"column":4},"end":{"line":429,"column":17}},"155":{"start":{"line":432,"column":1},"end":{"line":437,"column":2}},"156":{"start":{"line":433,"column":2},"end":{"line":434,"column":39}},"157":{"start":{"line":435,"column":2},"end":{"line":435,"column":45}},"158":{"start":{"line":436,"column":2},"end":{"line":436,"column":11}},"159":{"start":{"line":439,"column":1},"end":{"line":439,"column":57}},"160":{"start":{"line":440,"column":1},"end":{"line":442,"column":3}},"161":{"start":{"line":441,"column":2},"end":{"line":441,"column":27}},"162":{"start":{"line":446,"column":1},"end":{"line":446,"column":40}},"163":{"start":{"line":447,"column":1},"end":{"line":447,"column":34}},"164":{"start":{"line":448,"column":1},"end":{"line":448,"column":42}},"165":{"start":{"line":449,"column":1},"end":{"line":449,"column":35}},"166":{"start":{"line":450,"column":1},"end":{"line":452,"column":3}},"167":{"start":{"line":451,"column":2},"end":{"line":451,"column":66}},"168":{"start":{"line":453,"column":1},"end":{"line":453,"column":29}},"169":{"start":{"line":454,"column":1},"end":{"line":456,"column":3}},"170":{"start":{"line":455,"column":2},"end":{"line":455,"column":92}},"171":{"start":{"line":457,"column":1},"end":{"line":457,"column":37}},"172":{"start":{"line":458,"column":1},"end":{"line":465,"column":3}},"173":{"start":{"line":459,"column":2},"end":{"line":459,"column":48}},"174":{"start":{"line":460,"column":2},"end":{"line":460,"column":50}},"175":{"start":{"line":461,"column":2},"end":{"line":461,"column":54}},"176":{"start":{"line":462,"column":2},"end":{"line":462,"column":54}},"177":{"start":{"line":463,"column":2},"end":{"line":463,"column":64}},"178":{"start":{"line":464,"column":2},"end":{"line":464,"column":14}},"179":{"start":{"line":466,"column":1},"end":{"line":483,"column":3}},"180":{"start":{"line":468,"column":2},"end":{"line":468,"column":45}},"181":{"start":{"line":469,"column":2},"end":{"line":469,"column":34}},"182":{"start":{"line":470,"column":2},"end":{"line":470,"column":37}},"183":{"start":{"line":471,"column":2},"end":{"line":471,"column":50}},"184":{"start":{"line":472,"column":2},"end":{"line":472,"column":64}},"185":{"start":{"line":474,"column":2},"end":{"line":474,"column":21}},"186":{"start":{"line":476,"column":2},"end":{"line":476,"column":31}},"187":{"start":{"line":477,"column":2},"end":{"line":477,"column":27}},"188":{"start":{"line":478,"column":2},"end":{"line":480,"column":3}},"189":{"start":{"line":479,"column":3},"end":{"line":479,"column":19}},"190":{"start":{"line":484,"column":1},"end":{"line":508,"column":3}},"191":{"start":{"line":485,"column":2},"end":{"line":485,"column":36}},"192":{"start":{"line":486,"column":2},"end":{"line":486,"column":26}},"193":{"start":{"line":487,"column":2},"end":{"line":490,"column":3}},"194":{"start":{"line":488,"column":3},"end":{"line":488,"column":23}},"195":{"start":{"line":489,"column":3},"end":{"line":489,"column":17}},"196":{"start":{"line":491,"column":2},"end":{"line":493,"column":3}},"197":{"start":{"line":492,"column":3},"end":{"line":492,"column":33}},"198":{"start":{"line":494,"column":2},"end":{"line":494,"column":18}},"199":{"start":{"line":495,"column":2},"end":{"line":498,"column":3}},"200":{"start":{"line":496,"column":3},"end":{"line":496,"column":21}},"201":{"start":{"line":497,"column":3},"end":{"line":497,"column":42}},"202":{"start":{"line":500,"column":2},"end":{"line":500,"column":22}},"203":{"start":{"line":501,"column":2},"end":{"line":506,"column":3}},"204":{"start":{"line":502,"column":3},"end":{"line":502,"column":42}},"205":{"start":{"line":503,"column":3},"end":{"line":503,"column":23}},"206":{"start":{"line":504,"column":3},"end":{"line":504,"column":21}},"207":{"start":{"line":507,"column":2},"end":{"line":507,"column":14}},"208":{"start":{"line":509,"column":1},"end":{"line":523,"column":3}},"209":{"start":{"line":511,"column":2},"end":{"line":511,"column":16}},"210":{"start":{"line":512,"column":2},"end":{"line":514,"column":3}},"211":{"start":{"line":513,"column":3},"end":{"line":513,"column":15}},"212":{"start":{"line":515,"column":2},"end":{"line":515,"column":21}},"213":{"start":{"line":516,"column":2},"end":{"line":516,"column":40}},"214":{"start":{"line":517,"column":2},"end":{"line":517,"column":24}},"215":{"start":{"line":518,"column":2},"end":{"line":518,"column":20}},"216":{"start":{"line":519,"column":2},"end":{"line":521,"column":3}},"217":{"start":{"line":520,"column":3},"end":{"line":520,"column":19}},"218":{"start":{"line":522,"column":5},"end":{"line":522,"column":17}},"219":{"start":{"line":524,"column":1},"end":{"line":538,"column":3}},"220":{"start":{"line":526,"column":2},"end":{"line":526,"column":12}},"221":{"start":{"line":527,"column":2},"end":{"line":529,"column":3}},"222":{"start":{"line":528,"column":3},"end":{"line":528,"column":15}},"223":{"start":{"line":530,"column":2},"end":{"line":530,"column":24}},"224":{"start":{"line":532,"column":2},"end":{"line":532,"column":49}},"225":{"start":{"line":534,"column":2},"end":{"line":536,"column":3}},"226":{"start":{"line":535,"column":3},"end":{"line":535,"column":19}},"227":{"start":{"line":537,"column":5},"end":{"line":537,"column":17}},"228":{"start":{"line":539,"column":1},"end":{"line":546,"column":3}},"229":{"start":{"line":541,"column":2},"end":{"line":543,"column":3}},"230":{"start":{"line":542,"column":3},"end":{"line":542,"column":15}},"231":{"start":{"line":544,"column":2},"end":{"line":544,"column":33}},"232":{"start":{"line":545,"column":5},"end":{"line":545,"column":17}},"233":{"start":{"line":547,"column":1},"end":{"line":554,"column":3}},"234":{"start":{"line":549,"column":2},"end":{"line":551,"column":3}},"235":{"start":{"line":550,"column":3},"end":{"line":550,"column":15}},"236":{"start":{"line":552,"column":2},"end":{"line":552,"column":35}},"237":{"start":{"line":553,"column":5},"end":{"line":553,"column":17}},"238":{"start":{"line":555,"column":1},"end":{"line":562,"column":3}},"239":{"start":{"line":557,"column":2},"end":{"line":559,"column":3}},"240":{"start":{"line":558,"column":3},"end":{"line":558,"column":15}},"241":{"start":{"line":560,"column":2},"end":{"line":560,"column":39}},"242":{"start":{"line":561,"column":5},"end":{"line":561,"column":17}},"243":{"start":{"line":563,"column":1},"end":{"line":570,"column":3}},"244":{"start":{"line":565,"column":2},"end":{"line":567,"column":3}},"245":{"start":{"line":566,"column":3},"end":{"line":566,"column":15}},"246":{"start":{"line":568,"column":2},"end":{"line":568,"column":39}},"247":{"start":{"line":569,"column":5},"end":{"line":569,"column":17}},"248":{"start":{"line":571,"column":1},"end":{"line":578,"column":3}},"249":{"start":{"line":573,"column":2},"end":{"line":575,"column":3}},"250":{"start":{"line":574,"column":3},"end":{"line":574,"column":15}},"251":{"start":{"line":576,"column":2},"end":{"line":576,"column":49}},"252":{"start":{"line":577,"column":5},"end":{"line":577,"column":17}},"253":{"start":{"line":580,"column":1},"end":{"line":580,"column":21}},"254":{"start":{"line":582,"column":1},"end":{"line":582,"column":63}}},"branchMap":{"1":{"line":8,"type":"cond-expr","locations":[{"start":{"line":8,"column":64},"end":{"line":8,"column":116}},{"start":{"line":9,"column":1},"end":{"line":10,"column":51}}]},"2":{"line":8,"type":"binary-expr","locations":[{"start":{"line":8,"column":1},"end":{"line":8,"column":28}},{"start":{"line":8,"column":32},"end":{"line":8,"column":61}}]},"3":{"line":9,"type":"cond-expr","locations":[{"start":{"line":9,"column":46},"end":{"line":9,"column":101}},{"start":{"line":10,"column":2},"end":{"line":10,"column":50}}]},"4":{"line":9,"type":"binary-expr","locations":[{"start":{"line":9,"column":1},"end":{"line":9,"column":29}},{"start":{"line":9,"column":33},"end":{"line":9,"column":43}}]},"5":{"line":10,"type":"binary-expr","locations":[{"start":{"line":10,"column":23},"end":{"line":10,"column":32}},{"start":{"line":10,"column":36},"end":{"line":10,"column":38}}]},"6":{"line":51,"type":"binary-expr","locations":[{"start":{"line":51,"column":43},"end":{"line":51,"column":55}},{"start":{"line":51,"column":57},"end":{"line":51,"column":60}}]},"7":{"line":84,"type":"if","locations":[{"start":{"line":84,"column":2},"end":{"line":84,"column":2}},{"start":{"line":84,"column":2},"end":{"line":84,"column":2}}]},"8":{"line":85,"type":"if","locations":[{"start":{"line":85,"column":3},"end":{"line":85,"column":3}},{"start":{"line":85,"column":3},"end":{"line":85,"column":3}}]},"9":{"line":88,"type":"if","locations":[{"start":{"line":88,"column":8},"end":{"line":88,"column":8}},{"start":{"line":88,"column":8},"end":{"line":88,"column":8}}]},"10":{"line":92,"type":"if","locations":[{"start":{"line":92,"column":8},"end":{"line":92,"column":8}},{"start":{"line":92,"column":8},"end":{"line":92,"column":8}}]},"11":{"line":97,"type":"if","locations":[{"start":{"line":97,"column":2},"end":{"line":97,"column":2}},{"start":{"line":97,"column":2},"end":{"line":97,"column":2}}]},"12":{"line":100,"type":"if","locations":[{"start":{"line":100,"column":4},"end":{"line":100,"column":4}},{"start":{"line":100,"column":4},"end":{"line":100,"column":4}}]},"13":{"line":100,"type":"binary-expr","locations":[{"start":{"line":100,"column":7},"end":{"line":100,"column":30}},{"start":{"line":100,"column":32},"end":{"line":100,"column":53}}]},"14":{"line":152,"type":"if","locations":[{"start":{"line":152,"column":3},"end":{"line":152,"column":3}},{"start":{"line":152,"column":3},"end":{"line":152,"column":3}}]},"15":{"line":169,"type":"if","locations":[{"start":{"line":169,"column":3},"end":{"line":169,"column":3}},{"start":{"line":169,"column":3},"end":{"line":169,"column":3}}]},"16":{"line":169,"type":"binary-expr","locations":[{"start":{"line":169,"column":6},"end":{"line":169,"column":29}},{"start":{"line":169,"column":31},"end":{"line":169,"column":57}}]},"17":{"line":177,"type":"if","locations":[{"start":{"line":177,"column":2},"end":{"line":177,"column":2}},{"start":{"line":177,"column":2},"end":{"line":177,"column":2}}]},"18":{"line":178,"type":"cond-expr","locations":[{"start":{"line":178,"column":34},"end":{"line":178,"column":39}},{"start":{"line":178,"column":40},"end":{"line":178,"column":50}}]},"19":{"line":214,"type":"cond-expr","locations":[{"start":{"line":214,"column":37},"end":{"line":214,"column":61}},{"start":{"line":214,"column":62},"end":{"line":214,"column":66}}]},"20":{"line":215,"type":"if","locations":[{"start":{"line":215,"column":3},"end":{"line":215,"column":3}},{"start":{"line":215,"column":3},"end":{"line":215,"column":3}}]},"21":{"line":215,"type":"binary-expr","locations":[{"start":{"line":215,"column":6},"end":{"line":215,"column":12}},{"start":{"line":215,"column":14},"end":{"line":215,"column":20}}]},"22":{"line":216,"type":"binary-expr","locations":[{"start":{"line":216,"column":12},"end":{"line":216,"column":27}},{"start":{"line":216,"column":32},"end":{"line":216,"column":48}},{"start":{"line":216,"column":52},"end":{"line":216,"column":68}}]},"23":{"line":222,"type":"cond-expr","locations":[{"start":{"line":222,"column":39},"end":{"line":222,"column":62}},{"start":{"line":222,"column":63},"end":{"line":222,"column":68}}]},"24":{"line":223,"type":"if","locations":[{"start":{"line":223,"column":3},"end":{"line":223,"column":3}},{"start":{"line":223,"column":3},"end":{"line":223,"column":3}}]},"25":{"line":225,"type":"cond-expr","locations":[{"start":{"line":225,"column":38},"end":{"line":225,"column":42}},{"start":{"line":225,"column":44},"end":{"line":225,"column":54}}]},"26":{"line":225,"type":"cond-expr","locations":[{"start":{"line":225,"column":49},"end":{"line":225,"column":51}},{"start":{"line":225,"column":52},"end":{"line":225,"column":54}}]},"27":{"line":232,"type":"if","locations":[{"start":{"line":232,"column":3},"end":{"line":232,"column":3}},{"start":{"line":232,"column":3},"end":{"line":232,"column":3}}]},"28":{"line":234,"type":"if","locations":[{"start":{"line":234,"column":4},"end":{"line":234,"column":4}},{"start":{"line":234,"column":4},"end":{"line":234,"column":4}}]},"29":{"line":319,"type":"if","locations":[{"start":{"line":319,"column":2},"end":{"line":319,"column":2}},{"start":{"line":319,"column":2},"end":{"line":319,"column":2}}]},"30":{"line":319,"type":"binary-expr","locations":[{"start":{"line":319,"column":6},"end":{"line":319,"column":10}},{"start":{"line":319,"column":14},"end":{"line":319,"column":30}},{"start":{"line":319,"column":34},"end":{"line":319,"column":66}}]},"31":{"line":322,"type":"cond-expr","locations":[{"start":{"line":322,"column":21},"end":{"line":322,"column":34}},{"start":{"line":322,"column":35},"end":{"line":322,"column":50}}]},"32":{"line":322,"type":"binary-expr","locations":[{"start":{"line":322,"column":35},"end":{"line":322,"column":47}},{"start":{"line":322,"column":49},"end":{"line":322,"column":50}}]},"33":{"line":323,"type":"binary-expr","locations":[{"start":{"line":323,"column":10},"end":{"line":323,"column":35}},{"start":{"line":323,"column":37},"end":{"line":323,"column":62}}]},"34":{"line":324,"type":"cond-expr","locations":[{"start":{"line":324,"column":32},"end":{"line":324,"column":33}},{"start":{"line":324,"column":34},"end":{"line":324,"column":49}}]},"35":{"line":324,"type":"binary-expr","locations":[{"start":{"line":324,"column":34},"end":{"line":324,"column":46}},{"start":{"line":324,"column":48},"end":{"line":324,"column":49}}]},"36":{"line":325,"type":"cond-expr","locations":[{"start":{"line":325,"column":25},"end":{"line":325,"column":29}},{"start":{"line":325,"column":30},"end":{"line":325,"column":86}}]},"37":{"line":325,"type":"cond-expr","locations":[{"start":{"line":325,"column":68},"end":{"line":325,"column":80}},{"start":{"line":325,"column":81},"end":{"line":325,"column":85}}]},"38":{"line":327,"type":"cond-expr","locations":[{"start":{"line":327,"column":32},"end":{"line":327,"column":33}},{"start":{"line":327,"column":36},"end":{"line":327,"column":37}}]},"39":{"line":328,"type":"cond-expr","locations":[{"start":{"line":328,"column":45},"end":{"line":328,"column":70}},{"start":{"line":328,"column":71},"end":{"line":328,"column":75}}]},"40":{"line":329,"type":"cond-expr","locations":[{"start":{"line":329,"column":17},"end":{"line":329,"column":24}},{"start":{"line":329,"column":25},"end":{"line":329,"column":30}}]},"41":{"line":334,"type":"if","locations":[{"start":{"line":334,"column":2},"end":{"line":334,"column":2}},{"start":{"line":334,"column":2},"end":{"line":334,"column":2}}]},"42":{"line":334,"type":"binary-expr","locations":[{"start":{"line":334,"column":6},"end":{"line":334,"column":10}},{"start":{"line":334,"column":13},"end":{"line":334,"column":29}},{"start":{"line":334,"column":34},"end":{"line":334,"column":66}}]},"43":{"line":337,"type":"cond-expr","locations":[{"start":{"line":337,"column":21},"end":{"line":337,"column":36}},{"start":{"line":337,"column":37},"end":{"line":337,"column":52}}]},"44":{"line":337,"type":"binary-expr","locations":[{"start":{"line":337,"column":37},"end":{"line":337,"column":49}},{"start":{"line":337,"column":51},"end":{"line":337,"column":52}}]},"45":{"line":338,"type":"binary-expr","locations":[{"start":{"line":338,"column":10},"end":{"line":338,"column":35}},{"start":{"line":338,"column":37},"end":{"line":338,"column":63}}]},"46":{"line":339,"type":"cond-expr","locations":[{"start":{"line":339,"column":46},"end":{"line":339,"column":72}},{"start":{"line":339,"column":73},"end":{"line":339,"column":77}}]},"47":{"line":340,"type":"cond-expr","locations":[{"start":{"line":340,"column":25},"end":{"line":340,"column":29}},{"start":{"line":340,"column":30},"end":{"line":340,"column":86}}]},"48":{"line":340,"type":"cond-expr","locations":[{"start":{"line":340,"column":68},"end":{"line":340,"column":80}},{"start":{"line":340,"column":81},"end":{"line":340,"column":85}}]},"49":{"line":341,"type":"cond-expr","locations":[{"start":{"line":341,"column":33},"end":{"line":341,"column":34}},{"start":{"line":341,"column":37},"end":{"line":341,"column":38}}]},"50":{"line":342,"type":"cond-expr","locations":[{"start":{"line":342,"column":16},"end":{"line":342,"column":24}},{"start":{"line":342,"column":25},"end":{"line":342,"column":30}}]},"51":{"line":361,"type":"if","locations":[{"start":{"line":361,"column":3},"end":{"line":361,"column":3}},{"start":{"line":361,"column":3},"end":{"line":361,"column":3}}]},"52":{"line":368,"type":"binary-expr","locations":[{"start":{"line":368,"column":27},"end":{"line":368,"column":38}},{"start":{"line":368,"column":40},"end":{"line":368,"column":41}}]},"53":{"line":369,"type":"binary-expr","locations":[{"start":{"line":369,"column":29},"end":{"line":369,"column":40}},{"start":{"line":369,"column":42},"end":{"line":369,"column":43}}]},"54":{"line":370,"type":"cond-expr","locations":[{"start":{"line":370,"column":33},"end":{"line":370,"column":54}},{"start":{"line":370,"column":55},"end":{"line":370,"column":56}}]},"55":{"line":371,"type":"cond-expr","locations":[{"start":{"line":371,"column":38},"end":{"line":371,"column":59}},{"start":{"line":371,"column":60},"end":{"line":371,"column":61}}]},"56":{"line":375,"type":"cond-expr","locations":[{"start":{"line":375,"column":20},"end":{"line":375,"column":38}},{"start":{"line":375,"column":40},"end":{"line":375,"column":41}}]},"57":{"line":375,"type":"cond-expr","locations":[{"start":{"line":375,"column":25},"end":{"line":375,"column":31}},{"start":{"line":375,"column":32},"end":{"line":375,"column":38}}]},"58":{"line":384,"type":"binary-expr","locations":[{"start":{"line":384,"column":33},"end":{"line":384,"column":41}},{"start":{"line":384,"column":43},"end":{"line":384,"column":53}},{"start":{"line":384,"column":55},"end":{"line":384,"column":92}}]},"59":{"line":385,"type":"if","locations":[{"start":{"line":385,"column":4},"end":{"line":385,"column":4}},{"start":{"line":385,"column":4},"end":{"line":385,"column":4}}]},"60":{"line":411,"type":"if","locations":[{"start":{"line":411,"column":3},"end":{"line":411,"column":3}},{"start":{"line":411,"column":3},"end":{"line":411,"column":3}}]},"61":{"line":414,"type":"if","locations":[{"start":{"line":414,"column":5},"end":{"line":414,"column":5}},{"start":{"line":414,"column":5},"end":{"line":414,"column":5}}]},"62":{"line":420,"type":"if","locations":[{"start":{"line":420,"column":6},"end":{"line":420,"column":6}},{"start":{"line":420,"column":6},"end":{"line":420,"column":6}}]},"63":{"line":451,"type":"cond-expr","locations":[{"start":{"line":451,"column":25},"end":{"line":451,"column":54}},{"start":{"line":451,"column":55},"end":{"line":451,"column":64}}]},"64":{"line":455,"type":"cond-expr","locations":[{"start":{"line":455,"column":26},"end":{"line":455,"column":80}},{"start":{"line":455,"column":81},"end":{"line":455,"column":90}}]},"65":{"line":478,"type":"if","locations":[{"start":{"line":478,"column":2},"end":{"line":478,"column":2}},{"start":{"line":478,"column":2},"end":{"line":478,"column":2}}]},"66":{"line":487,"type":"if","locations":[{"start":{"line":487,"column":2},"end":{"line":487,"column":2}},{"start":{"line":487,"column":2},"end":{"line":487,"column":2}}]},"67":{"line":491,"type":"if","locations":[{"start":{"line":491,"column":2},"end":{"line":491,"column":2}},{"start":{"line":491,"column":2},"end":{"line":491,"column":2}}]},"68":{"line":495,"type":"if","locations":[{"start":{"line":495,"column":2},"end":{"line":495,"column":2}},{"start":{"line":495,"column":2},"end":{"line":495,"column":2}}]},"69":{"line":501,"type":"if","locations":[{"start":{"line":501,"column":2},"end":{"line":501,"column":2}},{"start":{"line":501,"column":2},"end":{"line":501,"column":2}}]},"70":{"line":512,"type":"if","locations":[{"start":{"line":512,"column":2},"end":{"line":512,"column":2}},{"start":{"line":512,"column":2},"end":{"line":512,"column":2}}]},"71":{"line":519,"type":"if","locations":[{"start":{"line":519,"column":2},"end":{"line":519,"column":2}},{"start":{"line":519,"column":2},"end":{"line":519,"column":2}}]},"72":{"line":527,"type":"if","locations":[{"start":{"line":527,"column":2},"end":{"line":527,"column":2}},{"start":{"line":527,"column":2},"end":{"line":527,"column":2}}]},"73":{"line":534,"type":"if","locations":[{"start":{"line":534,"column":2},"end":{"line":534,"column":2}},{"start":{"line":534,"column":2},"end":{"line":534,"column":2}}]},"74":{"line":541,"type":"if","locations":[{"start":{"line":541,"column":2},"end":{"line":541,"column":2}},{"start":{"line":541,"column":2},"end":{"line":541,"column":2}}]},"75":{"line":549,"type":"if","locations":[{"start":{"line":549,"column":2},"end":{"line":549,"column":2}},{"start":{"line":549,"column":2},"end":{"line":549,"column":2}}]},"76":{"line":557,"type":"if","locations":[{"start":{"line":557,"column":2},"end":{"line":557,"column":2}},{"start":{"line":557,"column":2},"end":{"line":557,"column":2}}]},"77":{"line":565,"type":"if","locations":[{"start":{"line":565,"column":2},"end":{"line":565,"column":2}},{"start":{"line":565,"column":2},"end":{"line":565,"column":2}}]},"78":{"line":573,"type":"if","locations":[{"start":{"line":573,"column":2},"end":{"line":573,"column":2}},{"start":{"line":573,"column":2},"end":{"line":573,"column":2}}]}}}}