{"C:\\Applic\\Server\\DBNode-4.0.0-beta-3\\htdocs\\__Projects\\xassist\\submodules\\xassist-date\\dist\\xassist-date.js":{"path":"C:\\Applic\\Server\\DBNode-4.0.0-beta-3\\htdocs\\__Projects\\xassist\\submodules\\xassist-date\\dist\\xassist-date.js","s":{"1":1,"2":1,"3":1,"4":16,"5":92,"6":16,"7":76,"8":0,"9":0,"10":0,"11":0,"12":0,"13":1,"14":92,"15":1,"16":0,"17":1,"18":49,"19":49,"20":48,"21":48,"22":48,"23":48,"24":48,"25":48,"26":48,"27":48,"28":48,"29":48,"30":96,"31":48,"32":48,"33":48,"34":192,"35":48,"36":8,"37":40,"38":40,"39":40,"40":40,"41":40,"42":40,"43":80,"44":80,"45":80,"46":80,"47":40,"48":1,"49":1,"50":0,"51":0,"52":0,"53":0,"54":0,"55":0,"56":0,"57":0,"58":0,"59":0,"60":1,"61":0,"62":0,"63":0,"64":0,"65":1,"66":1,"67":0,"68":1,"69":0,"70":0,"71":0,"72":0,"73":0,"74":0,"75":0,"76":0,"77":0,"78":0,"79":0,"80":0,"81":0,"82":0,"83":0,"84":0,"85":0,"86":0,"87":0,"88":0,"89":0,"90":0,"91":0,"92":0,"93":0,"94":1,"95":0,"96":0,"97":0,"98":0,"99":0,"100":0,"101":0,"102":0,"103":0,"104":0,"105":0,"106":0,"107":0,"108":0,"109":0,"110":0,"111":0,"112":0,"113":0,"114":0,"115":1,"116":1},"b":{"1":[1,0],"2":[1,1],"3":[0,0],"4":[0,0],"5":[0,0],"6":[16,0],"7":[16,4,0],"8":[16,76],"9":[4,12],"10":[0,0],"11":[0,0],"12":[48,1],"13":[48,48],"14":[48,48],"15":[0,48],"16":[0,48],"17":[72,24],"18":[8,64],"19":[192,152,92],"20":[8,40],"21":[0,0],"22":[0,0],"23":[0,0],"24":[0,0],"25":[0,0],"26":[0,0],"27":[0,0],"28":[0,0],"29":[0,0],"30":[0,0],"31":[0,0],"32":[0,0],"33":[0,0],"34":[0,0],"35":[0,0],"36":[0,0],"37":[0,0]},"f":{"1":1,"2":1,"3":16,"4":92,"5":0,"6":92,"7":0,"8":49,"9":96,"10":192,"11":80,"12":0,"13":0,"14":0,"15":0,"16":0},"fnMap":{"1":{"name":"(anonymous_1)","line":7,"loc":{"start":{"line":7,"column":1},"end":{"line":7,"column":28}}},"2":{"name":"(anonymous_2)","line":11,"loc":{"start":{"line":11,"column":9},"end":{"line":11,"column":28}}},"3":{"name":"(anonymous_3)","line":21,"loc":{"start":{"line":21,"column":11},"end":{"line":22,"column":1}}},"4":{"name":"(anonymous_4)","line":28,"loc":{"start":{"line":28,"column":18},"end":{"line":28,"column":38}}},"5":{"name":"(anonymous_5)","line":36,"loc":{"start":{"line":36,"column":14},"end":{"line":36,"column":27}}},"6":{"name":"(anonymous_6)","line":121,"loc":{"start":{"line":121,"column":20},"end":{"line":121,"column":44}}},"7":{"name":"(anonymous_7)","line":125,"loc":{"start":{"line":125,"column":9},"end":{"line":125,"column":20}}},"8":{"name":"(anonymous_8)","line":130,"loc":{"start":{"line":130,"column":23},"end":{"line":130,"column":38}}},"9":{"name":"(anonymous_9)","line":150,"loc":{"start":{"line":150,"column":20},"end":{"line":150,"column":31}}},"10":{"name":"(anonymous_10)","line":160,"loc":{"start":{"line":160,"column":12},"end":{"line":160,"column":23}}},"11":{"name":"(anonymous_11)","line":170,"loc":{"start":{"line":170,"column":28},"end":{"line":170,"column":39}}},"12":{"name":"(anonymous_12)","line":185,"loc":{"start":{"line":185,"column":20},"end":{"line":185,"column":42}}},"13":{"name":"DateObj","line":207,"loc":{"start":{"line":207,"column":0},"end":{"line":207,"column":29}}},"14":{"name":"(anonymous_14)","line":216,"loc":{"start":{"line":216,"column":28},"end":{"line":216,"column":40}}},"15":{"name":"(anonymous_15)","line":222,"loc":{"start":{"line":222,"column":31},"end":{"line":222,"column":76}}},"16":{"name":"(anonymous_16)","line":259,"loc":{"start":{"line":259,"column":26},"end":{"line":259,"column":53}}}},"statementMap":{"1":{"start":{"line":7,"column":0},"end":{"line":292,"column":5}},"2":{"start":{"line":8,"column":1},"end":{"line":10,"column":42}},"3":{"start":{"line":13,"column":0},"end":{"line":51,"column":189}},"4":{"start":{"line":26,"column":2},"end":{"line":26,"column":104}},"5":{"start":{"line":29,"column":2},"end":{"line":34,"column":3}},"6":{"start":{"line":30,"column":3},"end":{"line":30,"column":33}},"7":{"start":{"line":33,"column":3},"end":{"line":33,"column":56}},"8":{"start":{"line":37,"column":2},"end":{"line":49,"column":3}},"9":{"start":{"line":39,"column":3},"end":{"line":45,"column":4}},"10":{"start":{"line":41,"column":4},"end":{"line":41,"column":17}},"11":{"start":{"line":44,"column":4},"end":{"line":44,"column":16}},"12":{"start":{"line":48,"column":3},"end":{"line":48,"column":16}},"13":{"start":{"line":121,"column":0},"end":{"line":123,"column":2}},"14":{"start":{"line":122,"column":1},"end":{"line":122,"column":42}},"15":{"start":{"line":125,"column":0},"end":{"line":128,"column":2}},"16":{"start":{"line":126,"column":1},"end":{"line":126,"column":46}},"17":{"start":{"line":130,"column":0},"end":{"line":184,"column":3}},"18":{"start":{"line":131,"column":2},"end":{"line":136,"column":45}},"19":{"start":{"line":137,"column":2},"end":{"line":182,"column":3}},"20":{"start":{"line":138,"column":3},"end":{"line":138,"column":28}},"21":{"start":{"line":140,"column":3},"end":{"line":140,"column":28}},"22":{"start":{"line":141,"column":3},"end":{"line":141,"column":28}},"23":{"start":{"line":144,"column":3},"end":{"line":144,"column":42}},"24":{"start":{"line":145,"column":3},"end":{"line":145,"column":44}},"25":{"start":{"line":146,"column":3},"end":{"line":146,"column":57}},"26":{"start":{"line":147,"column":3},"end":{"line":147,"column":62}},"27":{"start":{"line":148,"column":3},"end":{"line":148,"column":22}},"28":{"start":{"line":149,"column":3},"end":{"line":149,"column":33}},"29":{"start":{"line":150,"column":3},"end":{"line":152,"column":5}},"30":{"start":{"line":151,"column":4},"end":{"line":151,"column":41}},"31":{"start":{"line":153,"column":3},"end":{"line":153,"column":27}},"32":{"start":{"line":154,"column":3},"end":{"line":154,"column":27}},"33":{"start":{"line":155,"column":3},"end":{"line":160,"column":96}},"34":{"start":{"line":160,"column":24},"end":{"line":160,"column":93}},"35":{"start":{"line":161,"column":3},"end":{"line":177,"column":4}},"36":{"start":{"line":162,"column":4},"end":{"line":162,"column":17}},"37":{"start":{"line":165,"column":4},"end":{"line":165,"column":19}},"38":{"start":{"line":166,"column":4},"end":{"line":166,"column":21}},"39":{"start":{"line":167,"column":4},"end":{"line":167,"column":20}},"40":{"start":{"line":168,"column":4},"end":{"line":168,"column":33}},"41":{"start":{"line":169,"column":4},"end":{"line":169,"column":22}},"42":{"start":{"line":170,"column":4},"end":{"line":175,"column":7}},"43":{"start":{"line":171,"column":5},"end":{"line":171,"column":29}},"44":{"start":{"line":172,"column":5},"end":{"line":172,"column":33}},"45":{"start":{"line":173,"column":5},"end":{"line":173,"column":31}},"46":{"start":{"line":174,"column":5},"end":{"line":174,"column":35}},"47":{"start":{"line":176,"column":4},"end":{"line":176,"column":19}},"48":{"start":{"line":181,"column":3},"end":{"line":181,"column":16}},"49":{"start":{"line":185,"column":0},"end":{"line":206,"column":3}},"50":{"start":{"line":186,"column":2},"end":{"line":186,"column":42}},"51":{"start":{"line":187,"column":2},"end":{"line":205,"column":3}},"52":{"start":{"line":188,"column":3},"end":{"line":200,"column":4}},"53":{"start":{"line":190,"column":4},"end":{"line":199,"column":5}},"54":{"start":{"line":191,"column":5},"end":{"line":191,"column":14}},"55":{"start":{"line":195,"column":5},"end":{"line":195,"column":57}},"56":{"start":{"line":196,"column":5},"end":{"line":198,"column":6}},"57":{"start":{"line":197,"column":6},"end":{"line":197,"column":19}},"58":{"start":{"line":201,"column":3},"end":{"line":201,"column":148}},"59":{"start":{"line":204,"column":3},"end":{"line":204,"column":16}},"60":{"start":{"line":207,"column":0},"end":{"line":213,"column":1}},"61":{"start":{"line":208,"column":1},"end":{"line":209,"column":38}},"62":{"start":{"line":210,"column":1},"end":{"line":210,"column":45}},"63":{"start":{"line":211,"column":1},"end":{"line":211,"column":25}},"64":{"start":{"line":212,"column":1},"end":{"line":212,"column":10}},"65":{"start":{"line":215,"column":0},"end":{"line":215,"column":57}},"66":{"start":{"line":216,"column":0},"end":{"line":218,"column":2}},"67":{"start":{"line":217,"column":1},"end":{"line":217,"column":19}},"68":{"start":{"line":222,"column":0},"end":{"line":258,"column":2}},"69":{"start":{"line":223,"column":1},"end":{"line":224,"column":7}},"70":{"start":{"line":226,"column":1},"end":{"line":235,"column":2}},"71":{"start":{"line":228,"column":2},"end":{"line":228,"column":24}},"72":{"start":{"line":229,"column":2},"end":{"line":229,"column":12}},"73":{"start":{"line":231,"column":2},"end":{"line":231,"column":23}},"74":{"start":{"line":232,"column":2},"end":{"line":232,"column":22}},"75":{"start":{"line":233,"column":2},"end":{"line":233,"column":34}},"76":{"start":{"line":234,"column":2},"end":{"line":234,"column":27}},"77":{"start":{"line":236,"column":1},"end":{"line":247,"column":2}},"78":{"start":{"line":237,"column":2},"end":{"line":237,"column":16}},"79":{"start":{"line":238,"column":2},"end":{"line":238,"column":23}},"80":{"start":{"line":239,"column":2},"end":{"line":239,"column":19}},"81":{"start":{"line":240,"column":8},"end":{"line":247,"column":2}},"82":{"start":{"line":241,"column":2},"end":{"line":241,"column":23}},"83":{"start":{"line":242,"column":2},"end":{"line":242,"column":19}},"84":{"start":{"line":243,"column":8},"end":{"line":247,"column":2}},"85":{"start":{"line":244,"column":2},"end":{"line":244,"column":19}},"86":{"start":{"line":248,"column":1},"end":{"line":248,"column":25}},"87":{"start":{"line":249,"column":1},"end":{"line":249,"column":27}},"88":{"start":{"line":250,"column":1},"end":{"line":250,"column":72}},"89":{"start":{"line":251,"column":1},"end":{"line":257,"column":2}},"90":{"start":{"line":252,"column":2},"end":{"line":252,"column":37}},"91":{"start":{"line":253,"column":8},"end":{"line":257,"column":2}},"92":{"start":{"line":254,"column":2},"end":{"line":254,"column":36}},"93":{"start":{"line":256,"column":2},"end":{"line":256,"column":35}},"94":{"start":{"line":259,"column":0},"end":{"line":286,"column":2}},"95":{"start":{"line":260,"column":1},"end":{"line":261,"column":7}},"96":{"start":{"line":262,"column":1},"end":{"line":269,"column":2}},"97":{"start":{"line":263,"column":2},"end":{"line":263,"column":26}},"98":{"start":{"line":264,"column":2},"end":{"line":264,"column":12}},"99":{"start":{"line":266,"column":2},"end":{"line":266,"column":23}},"100":{"start":{"line":267,"column":2},"end":{"line":267,"column":22}},"101":{"start":{"line":268,"column":2},"end":{"line":268,"column":27}},"102":{"start":{"line":270,"column":1},"end":{"line":275,"column":2}},"103":{"start":{"line":271,"column":2},"end":{"line":271,"column":16}},"104":{"start":{"line":272,"column":2},"end":{"line":272,"column":19}},"105":{"start":{"line":273,"column":8},"end":{"line":275,"column":2}},"106":{"start":{"line":274,"column":2},"end":{"line":274,"column":19}},"107":{"start":{"line":276,"column":1},"end":{"line":276,"column":25}},"108":{"start":{"line":277,"column":1},"end":{"line":277,"column":27}},"109":{"start":{"line":278,"column":1},"end":{"line":278,"column":54}},"110":{"start":{"line":279,"column":1},"end":{"line":285,"column":2}},"111":{"start":{"line":280,"column":2},"end":{"line":280,"column":38}},"112":{"start":{"line":281,"column":8},"end":{"line":285,"column":2}},"113":{"start":{"line":282,"column":2},"end":{"line":282,"column":37}},"114":{"start":{"line":284,"column":2},"end":{"line":284,"column":36}},"115":{"start":{"line":288,"column":0},"end":{"line":288,"column":20}},"116":{"start":{"line":290,"column":0},"end":{"line":290,"column":62}}},"branchMap":{"1":{"line":8,"type":"cond-expr","locations":[{"start":{"line":8,"column":64},"end":{"line":8,"column":80}},{"start":{"line":9,"column":1},"end":{"line":10,"column":41}}]},"2":{"line":8,"type":"binary-expr","locations":[{"start":{"line":8,"column":1},"end":{"line":8,"column":28}},{"start":{"line":8,"column":32},"end":{"line":8,"column":61}}]},"3":{"line":9,"type":"cond-expr","locations":[{"start":{"line":9,"column":46},"end":{"line":9,"column":74}},{"start":{"line":10,"column":2},"end":{"line":10,"column":40}}]},"4":{"line":9,"type":"binary-expr","locations":[{"start":{"line":9,"column":1},"end":{"line":9,"column":29}},{"start":{"line":9,"column":33},"end":{"line":9,"column":43}}]},"5":{"line":10,"type":"binary-expr","locations":[{"start":{"line":10,"column":23},"end":{"line":10,"column":32}},{"start":{"line":10,"column":36},"end":{"line":10,"column":38}}]},"6":{"line":26,"type":"cond-expr","locations":[{"start":{"line":26,"column":34},"end":{"line":26,"column":91}},{"start":{"line":26,"column":93},"end":{"line":26,"column":102}}]},"7":{"line":26,"type":"binary-expr","locations":[{"start":{"line":26,"column":34},"end":{"line":26,"column":49}},{"start":{"line":26,"column":54},"end":{"line":26,"column":70}},{"start":{"line":26,"column":74},"end":{"line":26,"column":90}}]},"8":{"line":29,"type":"if","locations":[{"start":{"line":29,"column":2},"end":{"line":29,"column":2}},{"start":{"line":29,"column":2},"end":{"line":29,"column":2}}]},"9":{"line":30,"type":"cond-expr","locations":[{"start":{"line":30,"column":27},"end":{"line":30,"column":29}},{"start":{"line":30,"column":30},"end":{"line":30,"column":32}}]},"10":{"line":37,"type":"if","locations":[{"start":{"line":37,"column":2},"end":{"line":37,"column":2}},{"start":{"line":37,"column":2},"end":{"line":37,"column":2}}]},"11":{"line":39,"type":"if","locations":[{"start":{"line":39,"column":3},"end":{"line":39,"column":3}},{"start":{"line":39,"column":3},"end":{"line":39,"column":3}}]},"12":{"line":137,"type":"if","locations":[{"start":{"line":137,"column":2},"end":{"line":137,"column":2}},{"start":{"line":137,"column":2},"end":{"line":137,"column":2}}]},"13":{"line":144,"type":"binary-expr","locations":[{"start":{"line":144,"column":26},"end":{"line":144,"column":37}},{"start":{"line":144,"column":39},"end":{"line":144,"column":40}}]},"14":{"line":145,"type":"binary-expr","locations":[{"start":{"line":145,"column":28},"end":{"line":145,"column":39}},{"start":{"line":145,"column":41},"end":{"line":145,"column":42}}]},"15":{"line":146,"type":"cond-expr","locations":[{"start":{"line":146,"column":32},"end":{"line":146,"column":53}},{"start":{"line":146,"column":54},"end":{"line":146,"column":55}}]},"16":{"line":147,"type":"cond-expr","locations":[{"start":{"line":147,"column":37},"end":{"line":147,"column":58}},{"start":{"line":147,"column":59},"end":{"line":147,"column":60}}]},"17":{"line":151,"type":"cond-expr","locations":[{"start":{"line":151,"column":19},"end":{"line":151,"column":37}},{"start":{"line":151,"column":39},"end":{"line":151,"column":40}}]},"18":{"line":151,"type":"cond-expr","locations":[{"start":{"line":151,"column":24},"end":{"line":151,"column":30}},{"start":{"line":151,"column":31},"end":{"line":151,"column":37}}]},"19":{"line":160,"type":"binary-expr","locations":[{"start":{"line":160,"column":32},"end":{"line":160,"column":40}},{"start":{"line":160,"column":42},"end":{"line":160,"column":52}},{"start":{"line":160,"column":54},"end":{"line":160,"column":91}}]},"20":{"line":161,"type":"if","locations":[{"start":{"line":161,"column":3},"end":{"line":161,"column":3}},{"start":{"line":161,"column":3},"end":{"line":161,"column":3}}]},"21":{"line":187,"type":"if","locations":[{"start":{"line":187,"column":2},"end":{"line":187,"column":2}},{"start":{"line":187,"column":2},"end":{"line":187,"column":2}}]},"22":{"line":188,"type":"if","locations":[{"start":{"line":188,"column":3},"end":{"line":188,"column":3}},{"start":{"line":188,"column":3},"end":{"line":188,"column":3}}]},"23":{"line":190,"type":"if","locations":[{"start":{"line":190,"column":4},"end":{"line":190,"column":4}},{"start":{"line":190,"column":4},"end":{"line":190,"column":4}}]},"24":{"line":196,"type":"if","locations":[{"start":{"line":196,"column":5},"end":{"line":196,"column":5}},{"start":{"line":196,"column":5},"end":{"line":196,"column":5}}]},"25":{"line":226,"type":"if","locations":[{"start":{"line":226,"column":1},"end":{"line":226,"column":1}},{"start":{"line":226,"column":1},"end":{"line":226,"column":1}}]},"26":{"line":236,"type":"if","locations":[{"start":{"line":236,"column":1},"end":{"line":236,"column":1}},{"start":{"line":236,"column":1},"end":{"line":236,"column":1}}]},"27":{"line":240,"type":"if","locations":[{"start":{"line":240,"column":8},"end":{"line":240,"column":8}},{"start":{"line":240,"column":8},"end":{"line":240,"column":8}}]},"28":{"line":243,"type":"if","locations":[{"start":{"line":243,"column":8},"end":{"line":243,"column":8}},{"start":{"line":243,"column":8},"end":{"line":243,"column":8}}]},"29":{"line":250,"type":"cond-expr","locations":[{"start":{"line":250,"column":40},"end":{"line":250,"column":41}},{"start":{"line":250,"column":44},"end":{"line":250,"column":45}}]},"30":{"line":251,"type":"if","locations":[{"start":{"line":251,"column":1},"end":{"line":251,"column":1}},{"start":{"line":251,"column":1},"end":{"line":251,"column":1}}]},"31":{"line":253,"type":"if","locations":[{"start":{"line":253,"column":8},"end":{"line":253,"column":8}},{"start":{"line":253,"column":8},"end":{"line":253,"column":8}}]},"32":{"line":262,"type":"if","locations":[{"start":{"line":262,"column":1},"end":{"line":262,"column":1}},{"start":{"line":262,"column":1},"end":{"line":262,"column":1}}]},"33":{"line":270,"type":"if","locations":[{"start":{"line":270,"column":1},"end":{"line":270,"column":1}},{"start":{"line":270,"column":1},"end":{"line":270,"column":1}}]},"34":{"line":273,"type":"if","locations":[{"start":{"line":273,"column":8},"end":{"line":273,"column":8}},{"start":{"line":273,"column":8},"end":{"line":273,"column":8}}]},"35":{"line":278,"type":"cond-expr","locations":[{"start":{"line":278,"column":40},"end":{"line":278,"column":41}},{"start":{"line":278,"column":44},"end":{"line":278,"column":45}}]},"36":{"line":279,"type":"if","locations":[{"start":{"line":279,"column":1},"end":{"line":279,"column":1}},{"start":{"line":279,"column":1},"end":{"line":279,"column":1}}]},"37":{"line":281,"type":"if","locations":[{"start":{"line":281,"column":8},"end":{"line":281,"column":8}},{"start":{"line":281,"column":8},"end":{"line":281,"column":8}}]}}}}