TN:
SF:C:\Applic\Server\DBNode-4.0.0-beta-3\htdocs\__Projects\xassist\submodules\xassist-date\dist\xassist-date.js
FN:7,(anonymous_1)
FN:11,(anonymous_2)
FN:41,_parseDurationString
FN:63,(anonymous_4)
FN:67,XaDuration
FN:82,(anonymous_6)
FN:98,(anonymous_7)
FN:121,(anonymous_8)
FN:131,(anonymous_9)
FN:135,(anonymous_10)
FN:139,(anonymous_11)
FN:143,(anonymous_12)
FN:148,(anonymous_13)
FN:165,(anonymous_14)
FN:175,(anonymous_15)
FN:187,(anonymous_16)
FN:209,(anonymous_17)
FN:220,(anonymous_18)
FN:231,(anonymous_19)
FN:316,(anonymous_20)
FN:332,(anonymous_21)
FN:345,(anonymous_22)
FN:349,(anonymous_23)
FN:354,(anonymous_24)
FN:374,(anonymous_25)
FN:384,(anonymous_26)
FN:394,(anonymous_27)
FN:409,(anonymous_28)
FN:432,XaDate
FN:440,(anonymous_30)
FN:450,(anonymous_31)
FN:454,(anonymous_32)
FN:458,(anonymous_33)
FN:466,(anonymous_34)
FN:484,(anonymous_35)
FN:509,(anonymous_36)
FN:524,(anonymous_37)
FN:539,(anonymous_38)
FN:547,(anonymous_39)
FN:555,(anonymous_40)
FN:563,(anonymous_41)
FN:571,(anonymous_42)
FNF:42
FNH:40
FNDA:1,(anonymous_1)
FNDA:1,(anonymous_2)
FNDA:4,_parseDurationString
FNDA:4,(anonymous_4)
FNDA:4,XaDuration
FNDA:4,(anonymous_6)
FNDA:0,(anonymous_7)
FNDA:8,(anonymous_8)
FNDA:8,(anonymous_9)
FNDA:8,(anonymous_10)
FNDA:8,(anonymous_11)
FNDA:8,(anonymous_12)
FNDA:8,(anonymous_13)
FNDA:0,(anonymous_14)
FNDA:38,(anonymous_15)
FNDA:4,(anonymous_16)
FNDA:129,(anonymous_17)
FNDA:428,(anonymous_18)
FNDA:24,(anonymous_19)
FNDA:23,(anonymous_20)
FNDA:20,(anonymous_21)
FNDA:409,(anonymous_22)
FNDA:218,(anonymous_23)
FNDA:256,(anonymous_24)
FNDA:510,(anonymous_25)
FNDA:1020,(anonymous_26)
FNDA:377,(anonymous_27)
FNDA:199,(anonymous_28)
FNDA:218,XaDate
FNDA:24,(anonymous_30)
FNDA:5,(anonymous_31)
FNDA:9,(anonymous_32)
FNDA:6,(anonymous_33)
FNDA:4,(anonymous_34)
FNDA:4,(anonymous_35)
FNDA:58,(anonymous_36)
FNDA:32,(anonymous_37)
FNDA:20,(anonymous_38)
FNDA:20,(anonymous_39)
FNDA:20,(anonymous_40)
FNDA:20,(anonymous_41)
FNDA:20,(anonymous_42)
DA:7,1
DA:8,1
DA:15,1
DA:41,1
DA:42,4
DA:46,4
DA:49,28
DA:51,32
DA:61,4
DA:63,1
DA:65,4
DA:67,1
DA:69,4
DA:70,4
DA:71,4
DA:72,4
DA:73,4
DA:74,4
DA:75,4
DA:76,4
DA:78,4
DA:81,1
DA:82,1
DA:84,4
DA:85,4
DA:86,4
DA:88,0
DA:90,0
DA:92,0
DA:94,0
DA:97,4
DA:98,0
DA:100,0
DA:101,0
DA:119,1
DA:121,8
DA:131,8
DA:135,8
DA:139,8
DA:143,8
DA:148,1
DA:149,8
DA:150,8
DA:151,56
DA:152,56
DA:153,16
DA:156,40
DA:158,40
DA:159,40
DA:162,8
DA:163,8
DA:165,1
DA:166,0
DA:167,0
DA:168,0
DA:169,0
DA:170,0
DA:173,0
DA:175,1
DA:177,38
DA:178,38
DA:179,38
DA:180,38
DA:183,0
DA:187,1
DA:188,4
DA:190,4
DA:191,4
DA:192,4
DA:195,1
DA:214,129
DA:215,129
DA:216,125
DA:218,4
DA:221,428
DA:222,428
DA:223,428
DA:224,117
DA:225,117
DA:228,311
DA:232,24
DA:234,24
DA:236,11
DA:239,13
DA:243,0
DA:316,1
DA:317,23
DA:319,23
DA:320,10
DA:322,23
DA:323,23
DA:324,23
DA:325,23
DA:327,23
DA:328,23
DA:329,23
DA:330,23
DA:332,1
DA:333,20
DA:334,20
DA:335,8
DA:337,20
DA:338,20
DA:339,20
DA:340,20
DA:341,20
DA:342,20
DA:343,20
DA:345,1
DA:346,409
DA:349,1
DA:350,218
DA:354,1
DA:355,256
DA:361,256
DA:362,255
DA:364,255
DA:365,255
DA:368,255
DA:369,255
DA:370,255
DA:371,255
DA:372,255
DA:373,255
DA:374,255
DA:375,510
DA:377,255
DA:378,255
DA:379,255
DA:384,1020
DA:385,255
DA:386,24
DA:389,231
DA:390,231
DA:391,231
DA:392,231
DA:393,231
DA:394,231
DA:395,377
DA:396,377
DA:397,377
DA:398,377
DA:400,231
DA:405,1
DA:409,1
DA:410,199
DA:411,199
DA:414,187
DA:415,44
DA:419,143
DA:420,143
DA:421,0
DA:426,187
DA:429,12
DA:432,1
DA:433,218
DA:435,218
DA:436,218
DA:439,1
DA:440,1
DA:441,24
DA:446,1
DA:447,1
DA:448,1
DA:449,1
DA:450,1
DA:451,5
DA:453,1
DA:454,1
DA:455,9
DA:457,1
DA:458,1
DA:459,6
DA:460,6
DA:461,6
DA:462,6
DA:463,6
DA:464,6
DA:466,1
DA:468,4
DA:469,4
DA:470,4
DA:471,4
DA:472,4
DA:474,4
DA:476,4
DA:477,4
DA:478,4
DA:479,0
DA:484,1
DA:485,4
DA:486,4
DA:487,4
DA:488,2
DA:489,2
DA:491,4
DA:492,4
DA:494,4
DA:495,4
DA:496,2
DA:497,2
DA:500,4
DA:501,4
DA:502,2
DA:503,2
DA:504,2
DA:507,4
DA:509,1
DA:511,58
DA:512,58
DA:513,1
DA:515,57
DA:516,57
DA:517,57
DA:518,57
DA:519,57
DA:520,7
DA:522,57
DA:524,1
DA:526,32
DA:527,32
DA:528,1
DA:530,31
DA:532,31
DA:534,31
DA:535,3
DA:537,31
DA:539,1
DA:541,20
DA:542,1
DA:544,19
DA:545,19
DA:547,1
DA:549,20
DA:550,1
DA:552,19
DA:553,19
DA:555,1
DA:557,20
DA:558,1
DA:560,19
DA:561,19
DA:563,1
DA:565,20
DA:566,1
DA:568,19
DA:569,19
DA:571,1
DA:573,20
DA:574,1
DA:576,19
DA:577,19
DA:580,1
DA:582,1
LF:254
LH:237
BRDA:8,1,0,1
BRDA:8,1,1,0
BRDA:8,2,0,1
BRDA:8,2,1,1
BRDA:9,3,0,0
BRDA:9,3,1,0
BRDA:9,4,0,0
BRDA:9,4,1,0
BRDA:10,5,0,0
BRDA:10,5,1,0
BRDA:51,6,0,32
BRDA:51,6,1,4
BRDA:84,7,0,4
BRDA:84,7,1,0
BRDA:85,8,0,4
BRDA:85,8,1,0
BRDA:88,9,0,0
BRDA:88,9,1,0
BRDA:92,10,0,0
BRDA:92,10,1,0
BRDA:97,11,0,0
BRDA:97,11,1,4
BRDA:100,12,0,0
BRDA:100,12,1,0
BRDA:100,13,0,0
BRDA:100,13,1,0
BRDA:152,14,0,16
BRDA:152,14,1,40
BRDA:169,15,0,0
BRDA:169,15,1,0
BRDA:169,16,0,0
BRDA:169,16,1,0
BRDA:177,17,0,38
BRDA:177,17,1,0
BRDA:178,18,0,4
BRDA:178,18,1,34
BRDA:214,19,0,2
BRDA:214,19,1,127
BRDA:215,20,0,125
BRDA:215,20,1,4
BRDA:215,21,0,129
BRDA:215,21,1,4
BRDA:216,22,0,125
BRDA:216,22,1,77
BRDA:216,22,2,24
BRDA:222,23,0,1
BRDA:222,23,1,427
BRDA:223,24,0,117
BRDA:223,24,1,311
BRDA:225,25,0,1
BRDA:225,25,1,116
BRDA:225,26,0,61
BRDA:225,26,1,55
BRDA:232,27,0,24
BRDA:232,27,1,0
BRDA:234,28,0,11
BRDA:234,28,1,13
BRDA:319,29,0,10
BRDA:319,29,1,13
BRDA:319,30,0,23
BRDA:319,30,1,10
BRDA:319,30,2,10
BRDA:322,31,0,10
BRDA:322,31,1,13
BRDA:322,32,0,13
BRDA:322,32,1,2
BRDA:323,33,0,23
BRDA:323,33,1,0
BRDA:324,34,0,10
BRDA:324,34,1,13
BRDA:324,35,0,13
BRDA:324,35,1,8
BRDA:325,36,0,10
BRDA:325,36,1,13
BRDA:325,37,0,4
BRDA:325,37,1,9
BRDA:327,38,0,20
BRDA:327,38,1,3
BRDA:328,39,0,8
BRDA:328,39,1,15
BRDA:329,40,0,1
BRDA:329,40,1,22
BRDA:334,41,0,8
BRDA:334,41,1,12
BRDA:334,42,0,20
BRDA:334,42,1,8
BRDA:334,42,2,8
BRDA:337,43,0,8
BRDA:337,43,1,12
BRDA:337,44,0,12
BRDA:337,44,1,2
BRDA:338,45,0,20
BRDA:338,45,1,0
BRDA:339,46,0,8
BRDA:339,46,1,12
BRDA:340,47,0,8
BRDA:340,47,1,12
BRDA:340,48,0,4
BRDA:340,48,1,8
BRDA:341,49,0,17
BRDA:341,49,1,3
BRDA:342,50,0,3
BRDA:342,50,1,17
BRDA:361,51,0,255
BRDA:361,51,1,1
BRDA:368,52,0,255
BRDA:368,52,1,158
BRDA:369,53,0,255
BRDA:369,53,1,158
BRDA:370,54,0,97
BRDA:370,54,1,158
BRDA:371,55,0,2
BRDA:371,55,1,253
BRDA:375,56,0,303
BRDA:375,56,1,207
BRDA:375,57,0,16
BRDA:375,57,1,287
BRDA:384,58,0,1020
BRDA:384,58,1,781
BRDA:384,58,2,409
BRDA:385,59,0,24
BRDA:385,59,1,231
BRDA:411,60,0,187
BRDA:411,60,1,12
BRDA:414,61,0,44
BRDA:414,61,1,143
BRDA:420,62,0,0
BRDA:420,62,1,143
BRDA:451,63,0,4
BRDA:451,63,1,1
BRDA:455,64,0,8
BRDA:455,64,1,1
BRDA:478,65,0,0
BRDA:478,65,1,4
BRDA:487,66,0,2
BRDA:487,66,1,2
BRDA:491,67,0,4
BRDA:491,67,1,0
BRDA:495,68,0,2
BRDA:495,68,1,2
BRDA:501,69,0,2
BRDA:501,69,1,2
BRDA:512,70,0,1
BRDA:512,70,1,57
BRDA:519,71,0,7
BRDA:519,71,1,50
BRDA:527,72,0,1
BRDA:527,72,1,31
BRDA:534,73,0,3
BRDA:534,73,1,28
BRDA:541,74,0,1
BRDA:541,74,1,19
BRDA:549,75,0,1
BRDA:549,75,1,19
BRDA:557,76,0,1
BRDA:557,76,1,19
BRDA:565,77,0,1
BRDA:565,77,1,19
BRDA:573,78,0,1
BRDA:573,78,1,19
BRF:160
BRH:131
end_of_record
