TN:
SF:C:\Applic\Server\DBNode-4.0.0-beta-3\htdocs\__Projects\xassist\submodules\xassist-date\dist\xassist-date.js
FN:7,(anonymous_1)
FN:11,(anonymous_2)
FN:27,(anonymous_3)
FN:38,(anonymous_4)
FN:49,(anonymous_5)
FN:134,(anonymous_6)
FN:150,(anonymous_7)
FN:163,(anonymous_8)
FN:167,(anonymous_9)
FN:172,(anonymous_10)
FN:192,(anonymous_11)
FN:202,(anonymous_12)
FN:212,(anonymous_13)
FN:227,(anonymous_14)
FN:250,XaDate
FN:258,(anonymous_16)
FN:268,(anonymous_17)
FN:272,(anonymous_18)
FNF:18
FNH:18
FNDA:1,(anonymous_1)
FNDA:1,(anonymous_2)
FNDA:69,(anonymous_3)
FNDA:215,(anonymous_4)
FNDA:13,(anonymous_5)
FNDA:23,(anonymous_6)
FNDA:20,(anonymous_7)
FNDA:200,(anonymous_8)
FNDA:62,(anonymous_9)
FNDA:113,(anonymous_10)
FNDA:224,(anonymous_11)
FNDA:448,(anonymous_12)
FNDA:168,(anonymous_13)
FNDA:56,(anonymous_14)
FNDA:62,XaDate
FNDA:13,(anonymous_16)
FNDA:5,(anonymous_17)
FNDA:5,(anonymous_18)
DA:7,1
DA:8,1
DA:13,1
DA:32,69
DA:33,69
DA:34,65
DA:36,4
DA:39,215
DA:40,215
DA:41,215
DA:42,57
DA:43,57
DA:46,158
DA:50,13
DA:52,13
DA:54,4
DA:57,9
DA:61,0
DA:134,1
DA:135,23
DA:137,23
DA:138,10
DA:140,23
DA:141,23
DA:142,23
DA:143,23
DA:145,23
DA:146,23
DA:147,23
DA:148,23
DA:150,1
DA:151,20
DA:152,20
DA:153,8
DA:155,20
DA:156,20
DA:157,20
DA:158,20
DA:159,20
DA:160,20
DA:161,20
DA:163,1
DA:164,200
DA:167,1
DA:168,62
DA:172,1
DA:173,113
DA:179,113
DA:180,112
DA:182,112
DA:183,112
DA:186,112
DA:187,112
DA:188,112
DA:189,112
DA:190,112
DA:191,112
DA:192,112
DA:193,224
DA:195,112
DA:196,112
DA:197,112
DA:202,448
DA:203,112
DA:204,24
DA:207,88
DA:208,88
DA:209,88
DA:210,88
DA:211,88
DA:212,88
DA:213,168
DA:214,168
DA:215,168
DA:216,168
DA:218,88
DA:223,1
DA:227,1
DA:228,56
DA:229,56
DA:232,44
DA:233,44
DA:237,0
DA:238,0
DA:239,0
DA:244,44
DA:247,12
DA:250,1
DA:251,62
DA:253,62
DA:254,62
DA:257,1
DA:258,1
DA:259,13
DA:264,1
DA:265,1
DA:266,1
DA:267,1
DA:268,1
DA:269,5
DA:271,1
DA:272,1
DA:273,5
DA:275,1
DA:277,1
DA:279,1
LF:106
LH:102
BRDA:8,1,0,1
BRDA:8,1,1,0
BRDA:8,2,0,1
BRDA:8,2,1,1
BRDA:9,3,0,0
BRDA:9,3,1,0
BRDA:9,4,0,0
BRDA:9,4,1,0
BRDA:10,5,0,0
BRDA:10,5,1,0
BRDA:32,6,0,2
BRDA:32,6,1,67
BRDA:33,7,0,65
BRDA:33,7,1,4
BRDA:33,8,0,69
BRDA:33,8,1,4
BRDA:34,9,0,65
BRDA:34,9,1,34
BRDA:34,9,2,23
BRDA:40,10,0,1
BRDA:40,10,1,214
BRDA:41,11,0,57
BRDA:41,11,1,158
BRDA:43,12,0,1
BRDA:43,12,1,56
BRDA:43,13,0,19
BRDA:43,13,1,37
BRDA:50,14,0,13
BRDA:50,14,1,0
BRDA:52,15,0,4
BRDA:52,15,1,9
BRDA:137,16,0,10
BRDA:137,16,1,13
BRDA:137,17,0,23
BRDA:137,17,1,10
BRDA:137,17,2,10
BRDA:140,18,0,10
BRDA:140,18,1,13
BRDA:140,19,0,13
BRDA:140,19,1,2
BRDA:141,20,0,23
BRDA:141,20,1,0
BRDA:142,21,0,10
BRDA:142,21,1,13
BRDA:142,22,0,13
BRDA:142,22,1,8
BRDA:143,23,0,10
BRDA:143,23,1,13
BRDA:143,24,0,4
BRDA:143,24,1,9
BRDA:145,25,0,20
BRDA:145,25,1,3
BRDA:146,26,0,8
BRDA:146,26,1,15
BRDA:147,27,0,1
BRDA:147,27,1,22
BRDA:152,28,0,8
BRDA:152,28,1,12
BRDA:152,29,0,20
BRDA:152,29,1,8
BRDA:152,29,2,8
BRDA:155,30,0,8
BRDA:155,30,1,12
BRDA:155,31,0,12
BRDA:155,31,1,2
BRDA:156,32,0,20
BRDA:156,32,1,0
BRDA:157,33,0,8
BRDA:157,33,1,12
BRDA:158,34,0,8
BRDA:158,34,1,12
BRDA:158,35,0,4
BRDA:158,35,1,8
BRDA:159,36,0,17
BRDA:159,36,1,3
BRDA:160,37,0,3
BRDA:160,37,1,17
BRDA:179,38,0,112
BRDA:179,38,1,1
BRDA:186,39,0,112
BRDA:186,39,1,112
BRDA:187,40,0,112
BRDA:187,40,1,112
BRDA:188,41,0,0
BRDA:188,41,1,112
BRDA:189,42,0,0
BRDA:189,42,1,112
BRDA:193,43,0,160
BRDA:193,43,1,64
BRDA:193,44,0,16
BRDA:193,44,1,144
BRDA:202,45,0,448
BRDA:202,45,1,352
BRDA:202,45,2,200
BRDA:203,46,0,24
BRDA:203,46,1,88
BRDA:229,47,0,44
BRDA:229,47,1,12
BRDA:232,48,0,44
BRDA:232,48,1,0
BRDA:238,49,0,0
BRDA:238,49,1,0
BRDA:269,50,0,4
BRDA:269,50,1,1
BRDA:273,51,0,4
BRDA:273,51,1,1
BRF:106
BRH:91
end_of_record
